<?xml version="1.0" encoding="UTF-8"?>
<!-- Generated by org.testng.reporters.JUnitReportReporter -->
<testsuite hostname="DESKTOP-BE1TI0T" failures="0" tests="3" name="com.TestNGDemos.D01FirstTestCase" time="43.163" errors="0" timestamp="2024-04-15T20:05:57 IST" skipped="0">
  <testcase classname="com.TestNGDemos.D01FirstTestCase" name="openAjio" time="21.918"/>
  <system-out/>
  <testcase classname="com.TestNGDemos.D01FirstTestCase" name="openAmazon" time="8.328"/>
  <system-out/>
  <testcase classname="com.TestNGDemos.D01FirstTestCase" name="openMyntra" time="12.917"/>
  <system-out/>
</testsuite> <!-- com.TestNGDemos.D01FirstTestCase -->
